\BOOKMARK [0][]{Contents.0}{\376\377\000T\000a\000b\000l\000e\000\040\000o\000f\000\040\000c\000o\000n\000t\000e\000n\000t\000s}{}% 1
\BOOKMARK [0][]{chapter*.5}{\376\377\000L\000i\000s\000t\000\040\000o\000f\000\040\000f\000i\000g\000u\000r\000e\000s}{}% 2
\BOOKMARK [0][]{chapter*.6}{\376\377\000L\000i\000s\000t\000\040\000o\000f\000\040\000t\000a\000b\000l\000e\000s}{}% 3
\BOOKMARK [0][]{chapter.1}{\376\377\0001\000\040\000I\000n\000t\000r\000o\000d\000u\000c\000t\000i\000o\000n}{}% 4
\BOOKMARK [1][]{section.1.1}{\376\377\0001\000.\0001\000\040\000P\000o\000w\000e\000r\000f\000u\000l\000\040\000N\000u\000c\000l\000e\000a\000r\000\040\000F\000u\000s\000i\000o\000n}{chapter.1}% 5
\BOOKMARK [1][]{section.1.2}{\376\377\0001\000.\0002\000\040\000C\000o\000n\000t\000r\000o\000l\000l\000e\000d\000\040\000F\000u\000s\000i\000o\000n}{chapter.1}% 6
\BOOKMARK [1][]{section.1.3}{\376\377\0001\000.\0003\000\040\000C\000o\000m\000p\000u\000t\000a\000t\000i\000o\000n\000a\000l\000\040\000M\000o\000d\000e\000l\000l\000i\000n\000g\000\040\000o\000n\000\040\000T\000o\000k\000a\000m\000a\000k\000s}{chapter.1}% 7
\BOOKMARK [1][]{section.1.4}{\376\377\0001\000.\0004\000\040\000P\000r\000o\000j\000e\000c\000t\000\040\000O\000v\000e\000r\000v\000i\000e\000w}{chapter.1}% 8
\BOOKMARK [0][]{chapter.2}{\376\377\0002\000\040\000T\000h\000e\000o\000r\000e\000t\000i\000c\000a\000l\000\040\000B\000a\000c\000k\000g\000r\000o\000u\000n\000d}{}% 9
\BOOKMARK [1][]{section.2.1}{\376\377\0002\000.\0001\000\040\000I\000d\000e\000a\000l\000\040\000M\000H\000D\000\040\000E\000q\000u\000a\000t\000i\000o\000n\000s}{chapter.2}% 10
\BOOKMARK [1][]{section.2.2}{\376\377\0002\000.\0002\000\040\000D\000i\000v\000e\000r\000g\000e\000n\000c\000e\000\040\000C\000l\000e\000a\000n\000i\000n\000g}{chapter.2}% 11
\BOOKMARK [1][]{section.2.3}{\376\377\0002\000.\0003\000\040\000B\000o\000u\000n\000d\000a\000r\000y\000\040\000C\000o\000n\000d\000i\000t\000i\000o\000n\000s}{chapter.2}% 12
\BOOKMARK [2][]{subsection.2.3.1}{\376\377\0002\000.\0003\000.\0001\000\040\000H\000y\000d\000r\000o\000d\000y\000n\000a\000m\000i\000c\000\040\000E\000f\000f\000e\000c\000t\000s}{section.2.3}% 13
\BOOKMARK [2][]{subsection.2.3.2}{\376\377\0002\000.\0003\000.\0002\000\040\000M\000a\000g\000n\000e\000t\000i\000c\000\040\000E\000f\000f\000e\000c\000t\000s}{section.2.3}% 14
\BOOKMARK [0][]{chapter.3}{\376\377\0003\000\040\000N\000u\000m\000e\000r\000i\000c\000a\000l\000\040\000M\000e\000t\000h\000o\000d\000s}{}% 15
\BOOKMARK [1][]{section.3.1}{\376\377\0003\000.\0001\000\040\000N\000u\000m\000e\000r\000i\000c\000a\000l\000\040\000S\000c\000h\000e\000m\000e}{chapter.3}% 16
\BOOKMARK [2][]{subsection.3.1.1}{\376\377\0003\000.\0001\000.\0001\000\040\000M\000U\000S\000C\000L\000-\000H\000a\000n\000c\000o\000c\000k}{section.3.1}% 17
\BOOKMARK [2][]{subsection.3.1.2}{\376\377\0003\000.\0001\000.\0002\000\040\000M\000H\000D\000-\000H\000L\000L\000C}{section.3.1}% 18
\BOOKMARK [1][]{section.3.2}{\376\377\0003\000.\0002\000\040\000D\000i\000v\000e\000r\000g\000e\000n\000c\000e\000\040\000C\000l\000e\000a\000n\000i\000n\000g\000\040\000T\000e\000c\000h\000n\000i\000q\000u\000e}{chapter.3}% 19
\BOOKMARK [1][]{section.3.3}{\376\377\0003\000.\0003\000\040\000T\000e\000c\000h\000n\000i\000q\000u\000e\000\040\000f\000o\000r\000\040\000R\000i\000g\000i\000d\000\040\000B\000o\000d\000y}{chapter.3}% 20
\BOOKMARK [0][]{chapter.4}{\376\377\0004\000\040\000V\000a\000l\000i\000d\000a\000t\000i\000o\000n\000\040\000T\000e\000s\000t\000\040\000a\000n\000d\000\040\000P\000r\000e\000l\000i\000m\000i\000n\000a\000r\000y\000\040\000R\000e\000s\000u\000l\000t\000s}{}% 21
\BOOKMARK [1][]{section.4.1}{\376\377\0004\000.\0001\000\040\000O\000r\000s\000z\000a\000g\000-\000T\000a\000n\000g\000\040\000T\000e\000s\000t}{chapter.4}% 22
\BOOKMARK [1][]{section.4.2}{\376\377\0004\000.\0002\000\040\000S\000h\000o\000c\000k\000\040\000D\000i\000f\000f\000r\000a\000c\000t\000i\000o\000n\000\040\000o\000v\000e\000r\000\040\000W\000e\000d\000g\000e}{chapter.4}% 23
\BOOKMARK [1][]{section.4.3}{\376\377\0004\000.\0003\000\040\000S\000h\000o\000c\000k\000\040\000D\000i\000f\000f\000r\000a\000c\000t\000i\000o\000n\000\040\000o\000v\000e\000r\000\040\000C\000y\000l\000i\000n\000d\000e\000r}{chapter.4}% 24
\BOOKMARK [1][]{section.4.4}{\376\377\0004\000.\0004\000\040\000T\000e\000s\000t\000s\000\040\000i\000n\000\040\000R\000o\000t\000a\000t\000e\000d\000\040\000R\000i\000g\000i\000d\000\040\000B\000o\000d\000y}{chapter.4}% 25
\BOOKMARK [2][]{subsection.4.4.1}{\376\377\0004\000.\0004\000.\0001\000\040\000R\000o\000t\000a\000t\000e\000d\000\040\000S\000o\000d\000\040\000T\000e\000s\000t}{section.4.4}% 26
\BOOKMARK [2][]{subsection.4.4.2}{\376\377\0004\000.\0004\000.\0002\000\040\000R\000o\000t\000a\000t\000e\000d\000\040\000B\000r\000i\000o\000-\000W\000u\000\040\000T\000e\000s\000t}{section.4.4}% 27
\BOOKMARK [0][]{chapter.5}{\376\377\0005\000\040\000S\000u\000m\000m\000a\000r\000y\000\040\000a\000n\000d\000\040\000F\000u\000t\000u\000r\000e\000\040\000W\000o\000r\000k}{}% 28
\BOOKMARK [0][]{chapter.6}{\376\377\0006\000\040\000R\000e\000s\000i\000s\000t\000i\000v\000e\000\040\000W\000a\000l\000l\000\040\000E\000x\000t\000e\000n\000s\000i\000o\000n}{}% 29
\BOOKMARK [1][]{section.6.1}{\376\377\0006\000.\0001\000\040\000T\000o\000k\000a\000m\000a\000k\000\040\000W\000a\000l\000l\000\040\000S\000t\000r\000u\000c\000t\000u\000r\000e}{chapter.6}% 30
\BOOKMARK [1][]{section.6.2}{\376\377\0006\000.\0002\000\040\000W\000a\000l\000l\000\040\000M\000o\000d\000e\000l\000i\000n\000g}{chapter.6}% 31
\BOOKMARK [0][]{chapter.7}{\376\377\0007\000\040\000T\000h\000e\000o\000r\000y}{}% 32
\BOOKMARK [1][]{section.7.1}{\376\377\0007\000.\0001\000\040\000R\000e\000s\000i\000s\000t\000i\000v\000e\000\040\000W\000a\000l\000l\000\040\000E\000q\000u\000a\000t\000i\000o\000n}{chapter.7}% 33
\BOOKMARK [1][]{section.7.2}{\376\377\0007\000.\0002\000\040\000S\000t\000i\000f\000f\000n\000e\000s\000s\000\040\000P\000r\000o\000b\000l\000e\000m\000\040\000f\000r\000o\000m\000\040\000D\000i\000f\000f\000u\000s\000i\000o\000n}{chapter.7}% 34
\BOOKMARK [2][]{subsection.7.2.1}{\376\377\0007\000.\0002\000.\0001\000\040\000E\000v\000a\000l\000u\000a\000t\000i\000n\000g\000\040\000S\000t\000i\000f\000f\000n\000e\000s\000s}{section.7.2}% 35
\BOOKMARK [2][]{subsection.7.2.2}{\376\377\0007\000.\0002\000.\0002\000\040\000A\000p\000p\000r\000o\000a\000c\000h\000e\000s\000\040\000f\000o\000r\000\040\000S\000t\000i\000f\000f\000n\000e\000s\000s}{section.7.2}% 36
\BOOKMARK [1][]{section.7.3}{\376\377\0007\000.\0003\000\040\000B\000o\000u\000n\000d\000a\000r\000y\000\040\000C\000o\000n\000d\000i\000t\000i\000o\000n\000\040\000f\000o\000r\000\040\000D\000i\000v\000e\000r\000g\000e\000n\000c\000e\000\040\000C\000l\000e\000a\000n\000i\000n\000g}{chapter.7}% 37
\BOOKMARK [0][]{chapter.8}{\376\377\0008\000\040\000R\000e\000s\000i\000s\000t\000i\000v\000e\000\040\000W\000a\000l\000l\000\040\000S\000i\000m\000u\000l\000a\000t\000i\000o\000n}{}% 38
\BOOKMARK [1][]{section.8.1}{\376\377\0008\000.\0001\000\040\000V\000a\000l\000i\000d\000a\000t\000i\000o\000n\000\040\000C\000h\000a\000l\000l\000e\000n\000g\000e}{chapter.8}% 39
\BOOKMARK [1][]{section.8.2}{\376\377\0008\000.\0002\000\040\000C\000y\000l\000i\000n\000d\000r\000i\000c\000a\000l\000\040\000E\000q\000u\000i\000l\000i\000b\000r\000i\000u\000m}{chapter.8}% 40
\BOOKMARK [1][]{section.8.3}{\376\377\0008\000.\0003\000\040\000T\000o\000k\000a\000m\000a\000k\000-\000s\000h\000a\000p\000e\000d\000\040\000A\000p\000p\000l\000i\000c\000a\000t\000i\000o\000n}{chapter.8}% 41
\BOOKMARK [0][]{chapter.9}{\376\377\0009\000\040\000B\000o\000u\000n\000d\000a\000r\000y\000\040\000C\000o\000n\000d\000i\000t\000i\000o\000n\000\040\000C\000o\000n\000s\000i\000s\000t\000e\000n\000c\000y}{}% 42
\BOOKMARK [1][]{section.9.1}{\376\377\0009\000.\0001\000\040\000S\000u\000p\000e\000r\000c\000o\000n\000d\000u\000c\000t\000i\000n\000g\000\040\000W\000a\000l\000l\000\040\000C\000o\000n\000d\000i\000t\000i\000o\000n}{chapter.9}% 43
\BOOKMARK [2][]{subsection.9.1.1}{\376\377\0009\000.\0001\000.\0001\000\040\000L\000o\000n\000d\000o\000n\000\040\000E\000q\000u\000a\000t\000i\000o\000n\000s}{section.9.1}% 44
\BOOKMARK [2][]{subsection.9.1.2}{\376\377\0009\000.\0001\000.\0002\000\040\000P\000e\000n\000e\000t\000r\000a\000t\000i\000o\000n\000\040\000o\000n\000\040\000S\000u\000p\000e\000r\000c\000o\000n\000d\000u\000c\000t\000o\000r\000\040\000W\000a\000l\000l}{section.9.1}% 45
\BOOKMARK [1][]{section.9.2}{\376\377\0009\000.\0002\000\040\000E\000x\000t\000e\000n\000s\000i\000o\000n\000\040\000o\000n\000\040\000G\000e\000n\000e\000r\000a\000l\000\040\000W\000a\000l\000l}{chapter.9}% 46
\BOOKMARK [1][]{section.9.3}{\376\377\0009\000.\0003\000\040\000B\000o\000u\000n\000d\000a\000r\000y\000\040\000C\000o\000n\000d\000i\000t\000i\000o\000n\000\040\000R\000e\000c\000a\000p}{chapter.9}% 47
\BOOKMARK [1][]{section.9.4}{\376\377\0009\000.\0004\000\040\000A\000d\000d\000r\000e\000s\000s\000i\000n\000g\000\040\000t\000h\000e\000\040\000I\000n\000c\000o\000n\000s\000i\000s\000t\000e\000n\000c\000y}{chapter.9}% 48
\BOOKMARK [0][]{chapter.10}{\376\377\0001\0000\000\040\000S\000u\000m\000m\000a\000r\000y}{}% 49
\BOOKMARK [0][]{chapter*.26}{\376\377\000R\000e\000f\000e\000r\000e\000n\000c\000e\000s}{}% 50
