This is pdfTeX, Version 3.141592653-2.6-1.40.25 (MiKTeX 24.1) (preloaded format=pdflatex 2024.7.11)  16 AUG 2024 11:54
entering extended mode
 restricted \write18 enabled.
 %&-line parsing enabled.
**./thesis.tex
(thesis.tex
LaTeX2e <2023-11-01> patch level 1
L3 programming layer <2024-01-04>
(Classes/PhDThesisPSnPDF.cls

LaTeX Warning: You have requested document class `Classes/PhDThesisPSnPDF',
               but the document class provides `PhDThesisPSnPDF'.

Document Class: PhDThesisPSnPDF 2018/04/12 A PhD thesis class file by Krishna K
umar (v2.4)
https://github.com/kks32/phd-thesis-template/
(C:\Program Files\MiKTeX\tex/latex/base\book.cls
Document Class: book 2023/05/17 v1.4n Standard LaTeX document class
(C:\Program Files\MiKTeX\tex/latex/base\bk12.clo
File: bk12.clo 2023/05/17 v1.4n Standard LaTeX file (size option)
)
\c@part=\count187
\c@chapter=\count188
\c@section=\count189
\c@subsection=\count190
\c@subsubsection=\count191
\c@paragraph=\count192
\c@subparagraph=\count193
\c@figure=\count194
\c@table=\count195
\abovecaptionskip=\skip48
\belowcaptionskip=\skip49
\bibindent=\dimen140
)
(C:\Program Files\MiKTeX\tex/latex/graphics\lscape.sty
Package: lscape 2020/05/28 v3.02 Landscape Pages (DPC)

(C:\Program Files\MiKTeX\tex/latex/graphics\graphics.sty
Package: graphics 2022/03/10 v1.4e Standard LaTeX Graphics (DPC,SPQR)

(C:\Program Files\MiKTeX\tex/latex/graphics\trig.sty
Package: trig 2021/08/11 v1.11 sin cos tan (DPC)
)
(C:\Program Files\MiKTeX\tex/latex/graphics-cfg\graphics.cfg
File: graphics.cfg 2016/06/04 v1.11 sample graphics configuration
)
Package graphics Info: Driver file: pdftex.def on input line 107.

(C:\Program Files\MiKTeX\tex/latex/graphics-def\pdftex.def
File: pdftex.def 2022/09/22 v1.2b Graphics/color driver for pdftex
)))
(C:\Program Files\MiKTeX\tex/latex/setspace\setspace.sty
Package: setspace 2022/12/04 v6.7b set line spacing
)
(C:\Program Files\MiKTeX\tex/latex/tools\calc.sty
Package: calc 2023/07/08 v4.3 Infix arithmetic (KKT,FJ)
\calc@Acount=\count196
\calc@Bcount=\count197
\calc@Adimen=\dimen141
\calc@Bdimen=\dimen142
\calc@Askip=\skip50
\calc@Bskip=\skip51
LaTeX Info: Redefining \setlength on input line 80.
LaTeX Info: Redefining \addtolength on input line 81.
\calc@Ccount=\count198
\calc@Cskip=\skip52
)
(C:\Program Files\MiKTeX\tex/latex/base\ifthen.sty
Package: ifthen 2022/04/13 v1.1d Standard LaTeX ifthen package (DPC)
)
(C:\Program Files\MiKTeX\tex/generic/iftex\ifpdf.sty
Package: ifpdf 2019/10/25 v3.4 ifpdf legacy package. Use iftex instead.

(C:\Program Files\MiKTeX\tex/generic/iftex\iftex.sty
Package: iftex 2022/02/03 v1.0f TeX engine tests
))
(C:\Program Files\MiKTeX\tex/generic/iftex\ifxetex.sty
Package: ifxetex 2019/10/25 v0.7 ifxetex legacy package. Use iftex instead.
)
(C:\Program Files\MiKTeX\tex/latex/tocbibind\tocbibind.sty
Package: tocbibind 2010/10/13 v1.5k extra ToC listings
Package tocbibind Info: The document has chapter divisions on input line 50.


Package tocbibind Note: Using chapter style headings, unless overridden.

) (C:\Program Files\MiKTeX\tex/latex/appendix\appendix.sty
Package: appendix 2020/02/08 v1.2c extra appendix facilities
\c@@pps=\count199
\c@@ppsavesec=\count266
\c@@ppsaveapp=\count267
)
(C:\Program Files\MiKTeX\tex/latex/graphics\color.sty
Package: color 2022/01/06 v1.3d Standard LaTeX Color (DPC)

(C:\Program Files\MiKTeX\tex/latex/graphics-cfg\color.cfg
File: color.cfg 2016/01/02 v1.6 sample color configuration
)
Package color Info: Driver file: pdftex.def on input line 149.

(C:\Program Files\MiKTeX\tex/latex/graphics\dvipsnam.def
File: dvipsnam.def 2016/06/17 v3.0m Driver-dependent file (DPC,SPQR)
)
(C:\Program Files\MiKTeX\tex/latex/graphics\mathcolor.ltx))
(C:\Program Files\MiKTeX\tex/latex/epstopdf-pkg\epstopdf.sty
Package: epstopdf 2020-01-24 v2.11 Conversion with epstopdf on the fly (HO)

(C:\Program Files\MiKTeX\tex/generic/infwarerr\infwarerr.sty
Package: infwarerr 2019/12/03 v1.5 Providing info/warning/error messages (HO)
)
(C:\Program Files\MiKTeX\tex/latex/grfext\grfext.sty
Package: grfext 2019/12/03 v1.3 Manage graphics extensions (HO)

(C:\Program Files\MiKTeX\tex/generic/kvdefinekeys\kvdefinekeys.sty
Package: kvdefinekeys 2019-12-19 v1.6 Define keys (HO)
))
(C:\Program Files\MiKTeX\tex/latex/kvoptions\kvoptions.sty
Package: kvoptions 2022-06-15 v3.15 Key value format for package options (HO)

(C:\Program Files\MiKTeX\tex/latex/graphics\keyval.sty
Package: keyval 2022/05/29 v1.15 key=value parser (DPC)
\KV@toks@=\toks17
)
(C:\Program Files\MiKTeX\tex/generic/ltxcmds\ltxcmds.sty
Package: ltxcmds 2023-12-04 v1.26 LaTeX kernel commands for general use (HO)
)
(C:\Program Files\MiKTeX\tex/latex/kvsetkeys\kvsetkeys.sty
Package: kvsetkeys 2022-10-05 v1.19 Key value parser (HO)
))
(C:\Program Files\MiKTeX\tex/generic/pdftexcmds\pdftexcmds.sty
Package: pdftexcmds 2020-06-27 v0.33 Utility functions of pdfTeX for LuaTeX (HO
)
Package pdftexcmds Info: \pdf@primitive is available.
Package pdftexcmds Info: \pdf@ifprimitive is available.
Package pdftexcmds Info: \pdfdraftmode found.
)
(C:\Program Files\MiKTeX\tex/latex/epstopdf-pkg\epstopdf-base.sty
Package: epstopdf-base 2020-01-24 v2.11 Base part for package epstopdf
Package epstopdf-base Info: Redefining graphics rule for `.eps' on input line 4
85.
Package grfext Info: Graphics extension search list:
(grfext)             [.pdf,.png,.jpg,.mps,.jpeg,.jbig2,.jb2,.PDF,.PNG,.JPG,.JPE
G,.JBIG2,.JB2,.eps]
(grfext)             \AppendGraphicsExtensions on input line 504.

(C:\Program Files\MiKTeX\tex/latex/00miktex\epstopdf-sys.cfg
File: epstopdf-sys.cfg 2021/03/18 v2.0 Configuration of epstopdf for MiKTeX
)))
(C:\Program Files\MiKTeX\tex/latex/graphics\graphicx.sty
Package: graphicx 2021/09/16 v1.2d Enhanced LaTeX Graphics (DPC,SPQR)
\Gin@req@height=\dimen143
\Gin@req@width=\dimen144
)
(C:\Program Files\MiKTeX\tex/latex/datetime\datetime.sty
Package: datetime 2015/03/20 v2.60 Date Time Package

(C:\Program Files\MiKTeX\tex/latex/etoolbox\etoolbox.sty
Package: etoolbox 2020/10/05 v2.5k e-TeX tools for LaTeX (JAW)
\etb@tempcnta=\count268
)
(C:\Program Files\MiKTeX\tex/latex/fmtcount\fmtcount.sty
Package: fmtcount 2020/01/30 v3.07

(C:\Program Files\MiKTeX\tex/latex/xkeyval\xkeyval.sty
Package: xkeyval 2022/06/16 v2.9 package option processing (HA)

(C:\Program Files\MiKTeX\tex/generic/xkeyval\xkeyval.tex
(C:\Program Files\MiKTeX\tex/generic/xkeyval\xkvutils.tex
\XKV@toks=\toks18
\XKV@tempa@toks=\toks19
)
\XKV@depth=\count269
File: xkeyval.tex 2014/12/03 v2.7a key=value parser (HA)
))
(C:\Program Files\MiKTeX\tex/latex/fmtcount\fcprefix.sty
Package: fcprefix 2012/09/28

(C:\Program Files\MiKTeX\tex/latex/fmtcount\fcnumparser.sty
Package: fcnumparser 2017/06/15
\fc@digit@counter=\count270
))
(C:\Program Files\MiKTeX\tex/latex/amsmath\amsgen.sty
File: amsgen.sty 1999/11/30 v2.0 generic functions
\@emptytoks=\toks20
\ex@=\dimen145
)
\c@padzeroesN=\count271
\fc@tmpcatcode=\count272
\@DT@modctr=\count273
\@ordinalctr=\count274
\@orgargctr=\count275
\@strctr=\count276
\@tmpstrctr=\count277
\@DT@loopN=\count278
\@DT@X=\count279
)
(C:\Program Files\MiKTeX\tex/latex/datetime\datetime-defaults.sty
Package: datetime-defaults 2013/09/10
)
\@day=\count280
\@month=\count281
\@year=\count282
\c@HOUR=\count283
\c@HOURXII=\count284
\c@MINUTE=\count285
\c@TOHOUR=\count286
\c@TOMINUTE=\count287
\c@SECOND=\count288
\currenthour=\count289
\currentminute=\count290
\currentsecond=\count291
Package datetime Info: No datetime.cfg file found, using default settings on in
put line 308.
\@dtctr=\count292
\dayofyear=\count293
\dayofweek=\count294
LaTeX Info: Redefining \today on input line 736.
\dt@a=\toks21
\dt@b=\toks22
)
\PHD@hour=\count295
\PHD@minute=\count296

(C:\Program Files\MiKTeX\tex/latex/natbib\natbib.sty
Package: natbib 2010/09/13 8.31b (PWD, AO)
\bibhang=\skip53
\bibsep=\skip54
LaTeX Info: Redefining \cite on input line 694.
\c@NAT@ctr=\count297
)
(C:\Program Files\MiKTeX\tex/latex/base\textcomp.sty
Package: textcomp 2020/02/02 v2.0n Standard LaTeX package
)
(C:\Program Files\MiKTeX\tex/latex/psnfss\mathptmx.sty
Package: mathptmx 2020/03/25 PSNFSS-v9.3 Times w/ Math, improved (SPQR, WaS) 
LaTeX Font Info:    Redeclaring symbol font `operators' on input line 28.
LaTeX Font Info:    Overwriting symbol font `operators' in version `normal'
(Font)                  OT1/cmr/m/n --> OT1/ztmcm/m/n on input line 28.
LaTeX Font Info:    Overwriting symbol font `operators' in version `bold'
(Font)                  OT1/cmr/bx/n --> OT1/ztmcm/m/n on input line 28.
LaTeX Font Info:    Redeclaring symbol font `letters' on input line 29.
LaTeX Font Info:    Overwriting symbol font `letters' in version `normal'
(Font)                  OML/cmm/m/it --> OML/ztmcm/m/it on input line 29.
LaTeX Font Info:    Overwriting symbol font `letters' in version `bold'
(Font)                  OML/cmm/b/it --> OML/ztmcm/m/it on input line 29.
LaTeX Font Info:    Redeclaring symbol font `symbols' on input line 30.
LaTeX Font Info:    Overwriting symbol font `symbols' in version `normal'
(Font)                  OMS/cmsy/m/n --> OMS/ztmcm/m/n on input line 30.
LaTeX Font Info:    Overwriting symbol font `symbols' in version `bold'
(Font)                  OMS/cmsy/b/n --> OMS/ztmcm/m/n on input line 30.
LaTeX Font Info:    Redeclaring symbol font `largesymbols' on input line 31.
LaTeX Font Info:    Overwriting symbol font `largesymbols' in version `normal'
(Font)                  OMX/cmex/m/n --> OMX/ztmcm/m/n on input line 31.
LaTeX Font Info:    Overwriting symbol font `largesymbols' in version `bold'
(Font)                  OMX/cmex/m/n --> OMX/ztmcm/m/n on input line 31.
\symbold=\mathgroup4
\symitalic=\mathgroup5
LaTeX Font Info:    Redeclaring math alphabet \mathbf on input line 34.
LaTeX Font Info:    Overwriting math alphabet `\mathbf' in version `normal'
(Font)                  OT1/cmr/bx/n --> OT1/ptm/bx/n on input line 34.
LaTeX Font Info:    Overwriting math alphabet `\mathbf' in version `bold'
(Font)                  OT1/cmr/bx/n --> OT1/ptm/bx/n on input line 34.
LaTeX Font Info:    Redeclaring math alphabet \mathit on input line 35.
LaTeX Font Info:    Overwriting math alphabet `\mathit' in version `normal'
(Font)                  OT1/cmr/m/it --> OT1/ptm/m/it on input line 35.
LaTeX Font Info:    Overwriting math alphabet `\mathit' in version `bold'
(Font)                  OT1/cmr/bx/it --> OT1/ptm/m/it on input line 35.
LaTeX Info: Redefining \hbar on input line 50.
)
PhDThesisPSnPDF: Using Times Roman font
(C:\Program Files\MiKTeX\tex/latex/base\inputenc.sty
Package: inputenc 2021/02/14 v1.3d Input encoding file
\inpenc@prehook=\toks23
\inpenc@posthook=\toks24
)
(C:\Program Files\MiKTeX\tex/latex/base\fontenc.sty
Package: fontenc 2021/04/29 v2.0v Standard LaTeX package
LaTeX Font Info:    Trying to load font information for T1+ptm on input line 11
2.

(C:\Program Files\MiKTeX\tex/latex/psnfss\t1ptm.fd
File: t1ptm.fd 2001/06/04 font definitions for T1/ptm.
))
(C:\Program Files\MiKTeX\tex/latex/microtype\microtype.sty
Package: microtype 2024/03/29 v3.1b Micro-typographical refinements (RS)
\MT@toks=\toks25
\MT@tempbox=\box51
\MT@count=\count298
LaTeX Info: Redefining \noprotrusionifhmode on input line 1061.
LaTeX Info: Redefining \leftprotrusion on input line 1062.
\MT@prot@toks=\toks26
LaTeX Info: Redefining \rightprotrusion on input line 1081.
LaTeX Info: Redefining \textls on input line 1392.
\MT@outer@kern=\dimen146
LaTeX Info: Redefining \textmicrotypecontext on input line 2013.
\MT@listname@count=\count299

(C:\Program Files\MiKTeX\tex/latex/microtype\microtype-pdftex.def
File: microtype-pdftex.def 2024/03/29 v3.1b Definitions specific to pdftex (RS)

LaTeX Info: Redefining \lsstyle on input line 902.
LaTeX Info: Redefining \lslig on input line 902.
\MT@outer@space=\skip55
)
Package microtype Info: Loading configuration file microtype.cfg.

(C:\Program Files\MiKTeX\tex/latex/microtype\microtype.cfg
File: microtype.cfg 2024/03/29 v3.1b microtype main configuration file (RS)
))
(C:\Program Files\MiKTeX\tex/generic/pdftex\glyphtounicode.tex)
(C:\Program Files\MiKTeX\tex/latex/amsfonts\amsfonts.sty
Package: amsfonts 2013/01/14 v3.01 Basic AMSFonts support
\symAMSa=\mathgroup6
\symAMSb=\mathgroup7
LaTeX Font Info:    Overwriting math alphabet `\mathfrak' in version `bold'
(Font)                  U/euf/m/n --> U/euf/b/n on input line 106.
)
(C:\Program Files\MiKTeX\tex/latex/amsmath\amsmath.sty
Package: amsmath 2023/05/13 v2.17o AMS math features
\@mathmargin=\skip56

For additional information on amsmath, use the `?' option.
(C:\Program Files\MiKTeX\tex/latex/amsmath\amstext.sty
Package: amstext 2021/08/26 v2.01 AMS text
)
(C:\Program Files\MiKTeX\tex/latex/amsmath\amsbsy.sty
Package: amsbsy 1999/11/29 v1.2d Bold Symbols
\pmbraise@=\dimen147
)
(C:\Program Files\MiKTeX\tex/latex/amsmath\amsopn.sty
Package: amsopn 2022/04/08 v2.04 operator names
)
\inf@bad=\count300
LaTeX Info: Redefining \frac on input line 234.
\uproot@=\count301
\leftroot@=\count302
LaTeX Info: Redefining \overline on input line 399.
LaTeX Info: Redefining \colon on input line 410.
\classnum@=\count303
\DOTSCASE@=\count304
LaTeX Info: Redefining \ldots on input line 496.
LaTeX Info: Redefining \dots on input line 499.
LaTeX Info: Redefining \cdots on input line 620.
\Mathstrutbox@=\box52
\strutbox@=\box53
LaTeX Info: Redefining \big on input line 722.
LaTeX Info: Redefining \Big on input line 723.
LaTeX Info: Redefining \bigg on input line 724.
LaTeX Info: Redefining \Bigg on input line 725.
\big@size=\dimen148
LaTeX Font Info:    Redeclaring font encoding OML on input line 743.
LaTeX Font Info:    Redeclaring font encoding OMS on input line 744.
\macc@depth=\count305
LaTeX Info: Redefining \bmod on input line 905.
LaTeX Info: Redefining \pmod on input line 910.
LaTeX Info: Redefining \smash on input line 940.
LaTeX Info: Redefining \relbar on input line 970.
LaTeX Info: Redefining \Relbar on input line 971.
\c@MaxMatrixCols=\count306
\dotsspace@=\muskip16
\c@parentequation=\count307
\dspbrk@lvl=\count308
\tag@help=\toks27
\row@=\count309
\column@=\count310
\maxfields@=\count311
\andhelp@=\toks28
\eqnshift@=\dimen149
\alignsep@=\dimen150
\tagshift@=\dimen151
\tagwidth@=\dimen152
\totwidth@=\dimen153
\lineht@=\dimen154
\@envbody=\toks29
\multlinegap=\skip57
\multlinetaggap=\skip58
\mathdisplay@stack=\toks30
LaTeX Info: Redefining \[ on input line 2953.
LaTeX Info: Redefining \] on input line 2954.
)
(C:\Program Files\MiKTeX\tex/latex/amsfonts\amssymb.sty
Package: amssymb 2013/01/14 v3.01 AMS font symbols
)
(C:\Program Files\MiKTeX\tex/latex/hyperref\hyperref.sty
Package: hyperref 2023-11-26 v7.01g Hypertext links for LaTeX

(C:\Program Files\MiKTeX\tex/generic/pdfescape\pdfescape.sty
Package: pdfescape 2019/12/09 v1.15 Implements pdfTeX's escape features (HO)
)
(C:\Program Files\MiKTeX\tex/latex/hycolor\hycolor.sty
Package: hycolor 2020-01-27 v1.10 Color options for hyperref/bookmark (HO)
)
(C:\Program Files\MiKTeX\tex/latex/letltxmacro\letltxmacro.sty
Package: letltxmacro 2019/12/03 v1.6 Let assignment for LaTeX macros (HO)
)
(C:\Program Files\MiKTeX\tex/latex/auxhook\auxhook.sty
Package: auxhook 2019-12-17 v1.6 Hooks for auxiliary files (HO)
)
(C:\Program Files\MiKTeX\tex/latex/hyperref\nameref.sty
Package: nameref 2023-11-26 v2.56 Cross-referencing by name of section

(C:\Program Files\MiKTeX\tex/latex/refcount\refcount.sty
Package: refcount 2019/12/15 v3.6 Data extraction from label references (HO)
)
(C:\Program Files\MiKTeX\tex/generic/gettitlestring\gettitlestring.sty
Package: gettitlestring 2019/12/15 v1.6 Cleanup title references (HO)
)
\c@section@level=\count312
)
\@linkdim=\dimen155
\Hy@linkcounter=\count313
\Hy@pagecounter=\count314

(C:\Program Files\MiKTeX\tex/latex/hyperref\pd1enc.def
File: pd1enc.def 2023-11-26 v7.01g Hyperref: PDFDocEncoding definition (HO)
Now handling font encoding PD1 ...
... no UTF-8 mapping file for font encoding PD1
)
(C:\Program Files\MiKTeX\tex/generic/intcalc\intcalc.sty
Package: intcalc 2019/12/15 v1.3 Expandable calculations with integers (HO)
)
\Hy@SavedSpaceFactor=\count315

(C:\Program Files\MiKTeX\tex/latex/hyperref\puenc.def
File: puenc.def 2023-11-26 v7.01g Hyperref: PDF Unicode definition (HO)
Now handling font encoding PU ...
... no UTF-8 mapping file for font encoding PU
)
Package hyperref Info: Option `unicode' set `true' on input line 4064.
Package hyperref Info: Hyper figures OFF on input line 4181.
Package hyperref Info: Link nesting OFF on input line 4186.
Package hyperref Info: Hyper index ON on input line 4189.
Package hyperref Info: Plain pages OFF on input line 4196.
Package hyperref Info: Backreferencing OFF on input line 4201.
Package hyperref Info: Implicit mode ON; LaTeX internals redefined.
Package hyperref Info: Bookmarks ON on input line 4448.
\c@Hy@tempcnt=\count316

(C:\Program Files\MiKTeX\tex/latex/url\url.sty
\Urlmuskip=\muskip17
Package: url 2013/09/16  ver 3.4  Verb mode for urls, etc.
)
LaTeX Info: Redefining \url on input line 4786.
\XeTeXLinkMargin=\dimen156

(C:\Program Files\MiKTeX\tex/generic/bitset\bitset.sty
Package: bitset 2019/12/09 v1.3 Handle bit-vector datatype (HO)

(C:\Program Files\MiKTeX\tex/generic/bigintcalc\bigintcalc.sty
Package: bigintcalc 2019/12/15 v1.5 Expandable calculations on big integers (HO
)
))
\Fld@menulength=\count317
\Field@Width=\dimen157
\Fld@charsize=\dimen158
Package hyperref Info: Hyper figures OFF on input line 6065.
Package hyperref Info: Link nesting OFF on input line 6070.
Package hyperref Info: Hyper index ON on input line 6073.
Package hyperref Info: backreferencing OFF on input line 6080.
Package hyperref Info: Link coloring OFF on input line 6085.
Package hyperref Info: Link coloring with OCG OFF on input line 6090.
Package hyperref Info: PDF/A mode OFF on input line 6095.

(C:\Program Files\MiKTeX\tex/latex/base\atbegshi-ltx.sty
Package: atbegshi-ltx 2021/01/10 v1.0c Emulation of the original atbegshi
package with kernel methods
)
\Hy@abspage=\count318
\c@Item=\count319
\c@Hfootnote=\count320
)
Package hyperref Info: Driver (autodetected): hpdftex.

(C:\Program Files\MiKTeX\tex/latex/hyperref\hpdftex.def
File: hpdftex.def 2023-11-26 v7.01g Hyperref driver for pdfTeX

(C:\Program Files\MiKTeX\tex/latex/base\atveryend-ltx.sty
Package: atveryend-ltx 2020/08/19 v1.0a Emulation of the original atveryend pac
kage
with kernel methods
)
\Fld@listcount=\count321
\c@bookmark@seq@number=\count322

(C:\Program Files\MiKTeX\tex/latex/rerunfilecheck\rerunfilecheck.sty
Package: rerunfilecheck 2022-07-10 v1.10 Rerun checks for auxiliary files (HO)

(C:\Program Files\MiKTeX\tex/generic/uniquecounter\uniquecounter.sty
Package: uniquecounter 2019/12/15 v1.4 Provide unlimited unique counter (HO)
)
Package uniquecounter Info: New unique counter `rerunfilecheck' on input line 2
85.
)
\Hy@SectionHShift=\skip59
)
Package hyperref Info: Option `final' set `true' on input line 621.
Package hyperref Info: Option `plainpages' set `false' on input line 621.
Package hyperref Info: Option `pdftoolbar' set `true' on input line 621.
Package hyperref Info: Option `pdfmenubar' set `true' on input line 621.
Package hyperref Info: Option `bookmarksopen' set `true' on input line 621.
Package hyperref Info: Option `bookmarksnumbered' set `true' on input line 621.

Package hyperref Info: Option `breaklinks' set `true' on input line 621.
Package hyperref Info: Option `linktocpage' set `true' on input line 621.
Package hyperref Info: Option `colorlinks' set `true' on input line 621.

(C:\Program Files\MiKTeX\tex/latex/geometry\geometry.sty
Package: geometry 2020/01/02 v5.9 Page Geometry

(C:\Program Files\MiKTeX\tex/generic/iftex\ifvtex.sty
Package: ifvtex 2019/10/25 v1.7 ifvtex legacy package. Use iftex instead.
)
\Gm@cnth=\count323
\Gm@cntv=\count324
\c@Gm@tempcnt=\count325
\Gm@bindingoffset=\dimen159
\Gm@wd@mp=\dimen160
\Gm@odd@mp=\dimen161
\Gm@even@mp=\dimen162
\Gm@layoutwidth=\dimen163
\Gm@layoutheight=\dimen164
\Gm@layouthoffset=\dimen165
\Gm@layoutvoffset=\dimen166
\Gm@dimlist=\toks31

(C:\Program Files\MiKTeX\tex/latex/geometry\geometry.cfg))
PhDThesisPSnPDF: The University identity guidelines recommend using left aligne
d text. Please use `flushleft' in the documentclass option, if you wish to left
 align your text (C:\Program Files\MiKTeX\tex/latex/fancyhdr\fancyhdr.sty
Package: fancyhdr 2024/04/23 v4.2 Extensive control of page headers and footers

\f@nch@headwidth=\skip60
\f@nch@O@elh=\skip61
\f@nch@O@erh=\skip62
\f@nch@O@olh=\skip63
\f@nch@O@orh=\skip64
\f@nch@O@elf=\skip65
\f@nch@O@erf=\skip66
\f@nch@O@olf=\skip67
\f@nch@O@orf=\skip68
)
(C:\Program Files\MiKTeX\tex/latex/nomencl\nomencl.sty
Package: nomencl 2021/11/10 v5.6 Nomenclature package

(C:\Program Files\MiKTeX\tex/latex/koma-script\tocbasic.sty
Package: tocbasic 2023/07/07 v3.41 KOMA-Script package (handling toc-files)

(C:\Program Files\MiKTeX\tex/latex/koma-script\scrbase.sty
Package: scrbase 2023/07/07 v3.41 KOMA-Script package (KOMA-Script-independent 
basics and keyval usage)

(C:\Program Files\MiKTeX\tex/latex/koma-script\scrlfile.sty
Package: scrlfile 2023/07/07 v3.41 KOMA-Script package (file load hooks)

(C:\Program Files\MiKTeX\tex/latex/koma-script\scrlfile-hook.sty
Package: scrlfile-hook 2023/07/07 v3.41 KOMA-Script package (using LaTeX hooks)


(C:\Program Files\MiKTeX\tex/latex/koma-script\scrlogo.sty
Package: scrlogo 2023/07/07 v3.41 KOMA-Script package (logo)
)))
Applying: [2021/05/01] Usage of raw or classic option list on input line 252.
Already applied: [0000/00/00] Usage of raw or classic option list on input line
 368.
)
\scr@dte@tocline@numberwidth=\skip69
\scr@dte@tocline@numbox=\box54
)
Package tocbasic Info: omitting babel extension for `nlo'
(tocbasic)             because of missing \bbl@set@language on input line 187.
Package tocbasic Info: omitting babel extension for `nls'
(tocbasic)             because of missing \bbl@set@language on input line 188.
\nomlabelwidth=\dimen167
\nom@tempdim=\dimen168
\nomitemsep=\skip70
)
\@nomenclaturefile=\write3
\openout3 = `thesis.nlo'.

Package nomencl Info: Writing nomenclature file thesis.nlo on input line 1049.

(C:\Program Files\MiKTeX\tex/latex/base\makeidx.sty
Package: makeidx 2021/10/04 v1.0m Standard LaTeX package
)
\@indexfile=\write4
\openout4 = `thesis.idx'.


Writing index file thesis.idx
) (Preamble/preamble.tex (C:\Program Files\MiKTeX\tex/latex/caption\caption.sty
Package: caption 2023/08/05 v3.6o Customizing captions (AR)
(C:\Program Files\MiKTeX\tex/latex/caption\caption3.sty
Package: caption3 2023/07/31 v2.4d caption3 kernel (AR)
\caption@tempdima=\dimen169
\captionmargin=\dimen170
\caption@leftmargin=\dimen171
\caption@rightmargin=\dimen172
\caption@width=\dimen173
\caption@indent=\dimen174
\caption@parindent=\dimen175
\caption@hangindent=\dimen176
Package caption Info: Standard document class detected.
)
\c@caption@flags=\count326
\c@continuedfloat=\count327
Package caption Info: hyperref package is loaded.
)
(C:\Program Files\MiKTeX\tex/latex/graphics\rotating.sty
Package: rotating 2016/08/11 v2.16d rotated objects in LaTeX
\c@r@tfl@t=\count328
\rotFPtop=\skip71
\rotFPbot=\skip72
\rot@float@box=\box55
\rot@mess@toks=\toks32
)
(C:\Program Files\MiKTeX\tex/latex/wrapfig\wrapfig.sty
\wrapoverhang=\dimen177
\WF@size=\dimen178
\c@WF@wrappedlines=\count329
\WF@box=\box56
\WF@everypar=\toks33
Package: wrapfig 2003/01/31  v 3.6
)
(C:\Program Files\MiKTeX\tex/latex/float\float.sty
Package: float 2001/11/08 v1.3d Float enhancements (AL)
\c@float@type=\count330
\float@exts=\toks34
\float@box=\box57
\@float@everytoks=\toks35
\@floatcapt=\box58
)
\@float@every@figure=\toks36

(C:\Program Files\MiKTeX\tex/latex/caption\subcaption.sty
Package: subcaption 2023/07/28 v1.6b Sub-captions (AR)
Package caption Info: New subtype `subfigure' on input line 238.
\c@subfigure=\count331
Package caption Info: New subtype `subtable' on input line 238.
\c@subtable=\count332
)
(C:\Program Files\MiKTeX\tex/latex/booktabs\booktabs.sty
Package: booktabs 2020/01/12 v1.61803398 Publication quality tables
\heavyrulewidth=\dimen179
\lightrulewidth=\dimen180
\cmidrulewidth=\dimen181
\belowrulesep=\dimen182
\belowbottomsep=\dimen183
\aboverulesep=\dimen184
\abovetopsep=\dimen185
\cmidrulesep=\dimen186
\cmidrulekern=\dimen187
\defaultaddspace=\dimen188
\@cmidla=\count333
\@cmidlb=\count334
\@aboverulesep=\dimen189
\@belowrulesep=\dimen190
\@thisruleclass=\count335
\@lastruleclass=\count336
\@thisrulewidth=\dimen191
)
(C:\Program Files\MiKTeX\tex/latex/multirow\multirow.sty
Package: multirow 2021/03/15 v2.8 Span multiple rows of a table
\multirow@colwidth=\skip73
\multirow@cntb=\count337
\multirow@dima=\skip74
\bigstrutjot=\dimen192
)
(C:\Program Files\MiKTeX\tex/latex/siunitx\siunitx.sty
Package: siunitx 2024-06-24 v3.3.19 A comprehensive (SI) units package
\l__siunitx_number_uncert_offset_int=\count338
\l__siunitx_number_exponent_fixed_int=\count339
\l__siunitx_number_min_decimal_int=\count340
\l__siunitx_number_min_integer_int=\count341
\l__siunitx_number_round_precision_int=\count342
\l__siunitx_number_lower_threshold_int=\count343
\l__siunitx_number_upper_threshold_int=\count344
\l__siunitx_number_group_first_int=\count345
\l__siunitx_number_group_size_int=\count346
\l__siunitx_number_group_minimum_int=\count347
\l__siunitx_angle_tmp_dim=\dimen193
\l__siunitx_angle_marker_box=\box59
\l__siunitx_angle_unit_box=\box60
\l__siunitx_compound_count_int=\count348

(C:\Program Files\MiKTeX\tex/latex/translations\translations.sty
Package: translations 2022/02/05 v1.12 internationalization of LaTeX2e packages
 (CN)
)
\l__siunitx_table_tmp_box=\box61
\l__siunitx_table_tmp_dim=\dimen194
\l__siunitx_table_column_width_dim=\dimen195
\l__siunitx_table_integer_box=\box62
\l__siunitx_table_decimal_box=\box63
\l__siunitx_table_uncert_box=\box64
\l__siunitx_table_before_box=\box65
\l__siunitx_table_after_box=\box66
\l__siunitx_table_before_dim=\dimen196
\l__siunitx_table_carry_dim=\dimen197
\l__siunitx_unit_tmp_int=\count349
\l__siunitx_unit_position_int=\count350
\l__siunitx_unit_total_int=\count351

(C:\Program Files\MiKTeX\tex/latex/tools\array.sty
Package: array 2023/10/16 v2.5g Tabular extension package (FMi)
\col@sep=\dimen198
\ar@mcellbox=\box67
\extrarowheight=\dimen199
\NC@list=\toks37
\extratabsurround=\skip75
\backup@length=\skip76
\ar@cellbox=\box68
))
(C:\Program Files\MiKTeX\tex/latex/tools\tabularx.sty
Package: tabularx 2023/07/08 v2.11c `tabularx' package (DPC)
\TX@col@width=\dimen256
\TX@old@table=\dimen257
\TX@old@col=\dimen258
\TX@target=\dimen259
\TX@delta=\dimen260
\TX@cols=\count352
\TX@ftn=\toks38
))
(C:\Program Files\MiKTeX\tex/latex/enumitem\enumitem.sty
Package: enumitem 2019/06/20 v3.9 Customized lists
\labelindent=\skip77
\enit@outerparindent=\dimen261
\enit@toks=\toks39
\enit@inbox=\box69
\enit@count@id=\count353
\enitdp@description=\count354
) (thesis-info.tex)
Package translations Info: No language package found. I am going to use `englis
h' as default language. on input line 110.

(C:\Program Files\MiKTeX\tex/latex/l3backend\l3backend-pdftex.def
File: l3backend-pdftex.def 2024-01-04 L3 backend support: PDF output (pdfTeX)
\l__color_backend_stack_int=\count355
\l__pdf_internal_box=\box70
) (thesis.aux
(Dedication/dedication.aux) (Declaration/declaration.aux)
(Acknowledgement/acknowledgement.aux) (Abstract/abstract.aux)
(Chapter1/chapter1.aux) (Chapter2/chapter2.aux) (Chapter3/chapter3.aux)
(Chapter4/chapter4.aux) (Chapter5/chapter5.aux) (Chapter6/chapter6.aux)
(Chapter7/chapter7.aux) (Chapter8/chapter8.aux) (Chapter10/chapter10.aux)
(Chapter11/chapter11.aux))
\openout1 = `thesis.aux'.

LaTeX Font Info:    Checking defaults for OML/cmm/m/it on input line 110.
LaTeX Font Info:    ... okay on input line 110.
LaTeX Font Info:    Checking defaults for OMS/cmsy/m/n on input line 110.
LaTeX Font Info:    ... okay on input line 110.
LaTeX Font Info:    Checking defaults for OT1/cmr/m/n on input line 110.
LaTeX Font Info:    ... okay on input line 110.
LaTeX Font Info:    Checking defaults for T1/cmr/m/n on input line 110.
LaTeX Font Info:    ... okay on input line 110.
LaTeX Font Info:    Checking defaults for TS1/cmr/m/n on input line 110.
LaTeX Font Info:    ... okay on input line 110.
LaTeX Font Info:    Checking defaults for OMX/cmex/m/n on input line 110.
LaTeX Font Info:    ... okay on input line 110.
LaTeX Font Info:    Checking defaults for U/cmr/m/n on input line 110.
LaTeX Font Info:    ... okay on input line 110.
LaTeX Font Info:    Checking defaults for PD1/pdf/m/n on input line 110.
LaTeX Font Info:    ... okay on input line 110.
LaTeX Font Info:    Checking defaults for PU/pdf/m/n on input line 110.
LaTeX Font Info:    ... okay on input line 110.

(C:\Program Files\MiKTeX\tex/context/base/mkii\supp-pdf.mkii
[Loading MPS to PDF converter (version 2006.09.02).]
\scratchcounter=\count356
\scratchdimen=\dimen262
\scratchbox=\box71
\nofMPsegments=\count357
\nofMParguments=\count358
\everyMPshowfont=\toks40
\MPscratchCnt=\count359
\MPscratchDim=\dimen263
\MPnumerator=\count360
\makeMPintoPDFobject=\count361
\everyMPtoPDFconversion=\toks41
) (C:\Program Files\MiKTeX\tex/latex/fmtcount\fc-english.def
File: fc-english.def 2016/01/12
)
LaTeX Info: Redefining \microtypecontext on input line 110.
Package microtype Info: Applying patch `item' on input line 110.
Package microtype Info: Applying patch `toc' on input line 110.
Package microtype Info: Applying patch `eqnum' on input line 110.
Package microtype Info: Applying patch `footnote' on input line 110.
Package microtype Info: Applying patch `verbatim' on input line 110.
Package microtype Info: Generating PDF output.
Package microtype Info: Character protrusion enabled (level 2).
Package microtype Info: Using default protrusion set `alltext'.
Package microtype Info: Automatic font expansion enabled (level 2),
(microtype)             stretch: 20, shrink: 20, step: 1, non-selected.
Package microtype Info: Using default expansion set `alltext-nott'.
LaTeX Info: Redefining \showhyphens on input line 110.
Package microtype Info: No adjustment of tracking.
Package microtype Info: No adjustment of interword spacing.
Package microtype Info: No adjustment of character kerning.

(C:\Program Files\MiKTeX\tex/latex/microtype\mt-ptm.cfg
File: mt-ptm.cfg 2006/04/20 v1.7 microtype config. file: Times (RS)
)
Package hyperref Info: Link coloring ON on input line 110.
 (thesis.out)
(thesis.out)
\@outlinefile=\write5
\openout5 = `thesis.out'.


*geometry* driver: auto-detecting
*geometry* detected driver: pdftex
*geometry* verbose mode - [ preamble ] result:
* driver: pdftex
* paper: a4paper
* layout: <same size as paper>
* layoutoffset:(h,v)=(0.0pt,0.0pt)
* hratio: 1:1
* vratio: 1:1
* bindingoffset: 14.22636pt
* modes: twoside 
* h-part:(L,W,R)=(72.91019pt, 437.46112pt, 72.9102pt)
* v-part:(T,H,B)=(105.63086pt, 633.78513pt, 105.63086pt)
* \paperwidth=597.50787pt
* \paperheight=845.04684pt
* \textwidth=437.46112pt
* \textheight=633.78513pt
* \oddsidemargin=14.86656pt
* \evensidemargin=0.64021pt
* \topmargin=1.48708pt
* \headheight=14.5pt
* \headsep=19.8738pt
* \topskip=12.0pt
* \footskip=30.0pt
* \marginparwidth=88.0pt
* \marginparsep=7.0pt
* \columnsep=10.0pt
* \skip\footins=10.8pt plus 4.0pt minus 2.0pt
* \hoffset=0.0pt
* \voffset=0.0pt
* \mag=1000
* \@twocolumnfalse
* \@twosidetrue
* \@mparswitchtrue
* \@reversemarginfalse
* (1in=72.27pt=25.4mm, 1cm=28.453pt)

Package caption Info: Begin \AtBeginDocument code.
Package caption Info: float package is loaded.
Package caption Info: rotating package is loaded.
Package caption Info: wrapfig package is loaded.
Package caption Info: End \AtBeginDocument code.

(C:\Program Files\MiKTeX\tex/latex/translations/dicts\translations-basic-dictio
nary-english.trsl
File: translations-basic-dictionary-english.trsl (english translation file `tra
nslations-basic-dictionary')
)
Package translations Info: loading dictionary `translations-basic-dictionary' f
or `english'. on input line 110.
\PHD@Title=\box72
LaTeX Font Info:    Trying to load font information for OT1+ztmcm on input line
 114.
 (C:\Program Files\MiKTeX\tex/latex/psnfss\ot1ztmcm.fd
File: ot1ztmcm.fd 2000/01/03 Fontinst v1.801 font definitions for OT1/ztmcm.
)
Package microtype Info: Loading generic protrusion settings for font family
(microtype)             `ztmcm' (encoding: OT1).
(microtype)             For optimal results, create family-specific settings.
(microtype)             See the microtype manual for details.
LaTeX Font Info:    Trying to load font information for OML+ztmcm on input line
 114.

(C:\Program Files\MiKTeX\tex/latex/psnfss\omlztmcm.fd
File: omlztmcm.fd 2000/01/03 Fontinst v1.801 font definitions for OML/ztmcm.
)
LaTeX Font Info:    Trying to load font information for OMS+ztmcm on input line
 114.

(C:\Program Files\MiKTeX\tex/latex/psnfss\omsztmcm.fd
File: omsztmcm.fd 2000/01/03 Fontinst v1.801 font definitions for OMS/ztmcm.
)
LaTeX Font Info:    Trying to load font information for OMX+ztmcm on input line
 114.

(C:\Program Files\MiKTeX\tex/latex/psnfss\omxztmcm.fd
File: omxztmcm.fd 2000/01/03 Fontinst v1.801 font definitions for OMX/ztmcm.
)
LaTeX Font Info:    Trying to load font information for OT1+ptm on input line 1
14.

(C:\Program Files\MiKTeX\tex/latex/psnfss\ot1ptm.fd
File: ot1ptm.fd 2001/06/04 font definitions for OT1/ptm.
)
LaTeX Font Info:    Font shape `OT1/ptm/bx/n' in size <12> not available
(Font)              Font shape `OT1/ptm/b/n' tried instead on input line 114.
LaTeX Font Info:    Font shape `OT1/ptm/bx/n' in size <9> not available
(Font)              Font shape `OT1/ptm/b/n' tried instead on input line 114.
LaTeX Font Info:    Font shape `OT1/ptm/bx/n' in size <7> not available
(Font)              Font shape `OT1/ptm/b/n' tried instead on input line 114.

(C:\Program Files\MiKTeX\tex/latex/microtype\mt-msa.cfg
File: mt-msa.cfg 2006/02/04 v1.1 microtype config. file: AMS symbols (a) (RS)
)
(C:\Program Files\MiKTeX\tex/latex/microtype\mt-msb.cfg
File: mt-msb.cfg 2005/06/01 v1.0 microtype config. file: AMS symbols (b) (RS)
)
\PHD@crest=\box73
<Figs/University_Crest.pdf, id=203, 59.22125pt x 69.25874pt>
File: Figs/University_Crest.pdf Graphic file (type pdf)
<use Figs/University_Crest.pdf>
Package pdftex.def Info: Figs/University_Crest.pdf  used on input line 114.
(pdftex.def)             Requested size: 87.49088pt x 102.32376pt.
\PHD@collegecrest=\box74
\PHD@author=\box75
\PHD@supervisor=\box76
\PHD@advisor=\box77
\PHD@dept=\box78
\PHD@submission=\box79
\PHD@date=\box80
\PHD@collegedate=\box81
\PHD@collegesupervisor=\box82

Overfull \hbox (18.07326pt too wide) in paragraph at lines 114--114
[]  
 []

\PHD@titlepagespacing=\skip78
[1


{C:/Users/DELL/AppData/Local/MiKTeX/fonts/map/pdftex/pdftex.map}{C:/Program Fil
es/MiKTeX/fonts/enc/dvips/base/8r.enc} <./Figs/University_Crest.pdf>]
\openout2 = `Dedication/dedication.aux'.


(Dedication/dedication.tex [2


]) [3]
\openout2 = `Declaration/declaration.aux'.

 (Declaration/declaration.tex [4




]) [5

]
\openout2 = `Acknowledgement/acknowledgement.aux'.


(Acknowledgement/acknowledgement.tex [6




]) [7

]
\openout2 = `Abstract/abstract.aux'.

 (Abstract/abstract.tex [8




])
[9

] [10



] (thesis.toc [11

])
\tf@toc=\write6
\openout6 = `thesis.toc'.

 [12] (thesis.lof)
\tf@lof=\write7
\openout7 = `thesis.lof'.

 [13

] [14

] (thesis.lot)
\tf@lot=\write8
\openout8 = `thesis.lot'.


No file thesis.nls.
[15] [16

] [1]
\openout2 = `Chapter1/chapter1.aux'.

 (Chapter1/chapter1.tex [2


]
Chapter 1.
LaTeX Font Info:    Trying to load font information for TS1+ptm on input line 2
4.
(C:\Program Files\MiKTeX\tex/latex/psnfss\ts1ptm.fd
File: ts1ptm.fd 2001/06/04 font definitions for TS1/ptm.
) [3] [4] [5]) [6] [7]
\openout2 = `Chapter2/chapter2.aux'.


(Chapter2/chapter2.tex [8




]
Chapter 2.
[9] [10] [11] [12]
<Chapter2/Figs/Raster/TokamakVessel.png, id=514, 125.268pt x 96.66112pt>
File: Chapter2/Figs/Raster/TokamakVessel.png Graphic file (type png)
<use Chapter2/Figs/Raster/TokamakVessel.png>
Package pdftex.def Info: Chapter2/Figs/Raster/TokamakVessel.png  used on input 
line 132.
(pdftex.def)             Requested size: 214.35834pt x 165.40872pt.
<Chapter2/Figs/Toroidal-magnetic-field-B-t.png, id=516, 373.395pt x 331.2375pt>

File: Chapter2/Figs/Toroidal-magnetic-field-B-t.png Graphic file (type png)
<use Chapter2/Figs/Toroidal-magnetic-field-B-t.png>
Package pdftex.def Info: Chapter2/Figs/Toroidal-magnetic-field-B-t.png  used on
 input line 135.
(pdftex.def)             Requested size: 214.35834pt x 190.15681pt.
 [13]
<Chapter2/Figs/limiter_and_divertor.png, id=530, 853.1875pt x 479.7925pt>
File: Chapter2/Figs/limiter_and_divertor.png Graphic file (type png)
<use Chapter2/Figs/limiter_and_divertor.png>
Package pdftex.def Info: Chapter2/Figs/limiter_and_divertor.png  used on input 
line 142.
(pdftex.def)             Requested size: 218.73056pt x 123.00069pt.
 [14 <./Chapter2/Figs/Raster/TokamakVessel.png> <./Chapter2/Figs/Toroidal-magne
tic-field-B-t.png>] [15 <./Chapter2/Figs/limiter_and_divertor.png>] [16]) [17]
\openout2 = `Chapter3/chapter3.aux'.

 (Chapter3/chapter3.tex [18




]
Chapter 3.
[19] [20] [21] [22] [23]
<Chapter3/Figs/ReflectiveBC.png, id=654, 286.36987pt x 217.11113pt>
File: Chapter3/Figs/ReflectiveBC.png Graphic file (type png)
<use Chapter3/Figs/ReflectiveBC.png>
Package pdftex.def Info: Chapter3/Figs/ReflectiveBC.png  used on input line 110
.
(pdftex.def)             Requested size: 218.73056pt x 165.83437pt.
 [24 <./Chapter3/Figs/ReflectiveBC.png>] [25]) [26]
\openout2 = `Chapter4/chapter4.aux'.


(Chapter4/chapter4.tex
Chapter 4.

Underfull \hbox (badness 10000) in alignment at lines 31--31
[][][][][][][][] 
 []

[27




]
<Chapter4/Figs/OrszagTang.png, id=686, 803.0pt x 903.375pt>
File: Chapter4/Figs/OrszagTang.png Graphic file (type png)
<use Chapter4/Figs/OrszagTang.png>
Package pdftex.def Info: Chapter4/Figs/OrszagTang.png  used on input line 37.
(pdftex.def)             Requested size: 196.85616pt x 221.45976pt.
<Chapter4/Figs/OT_no_vides.png, id=687, 105.09262pt x 200.54926pt>
File: Chapter4/Figs/OT_no_vides.png Graphic file (type png)
<use Chapter4/Figs/OT_no_vides.png>
Package pdftex.def Info: Chapter4/Figs/OT_no_vides.png  used on input line 40.
(pdftex.def)             Requested size: 102.80362pt x 196.19112pt.
<Chapter4/Figs/OT_yes_vides.png, id=688, 104.18925pt x 199.947pt>
File: Chapter4/Figs/OT_yes_vides.png Graphic file (type png)
<use Chapter4/Figs/OT_yes_vides.png>
Package pdftex.def Info: Chapter4/Figs/OT_yes_vides.png  used on input line 43.

(pdftex.def)             Requested size: 102.80362pt x 197.28912pt.
<Chapter4/Figs/OT_mine.png, id=691, 349.00388pt x 345.08925pt>
File: Chapter4/Figs/OT_mine.png Graphic file (type png)
<use Chapter4/Figs/OT_mine.png>
Package pdftex.def Info: Chapter4/Figs/OT_mine.png  used on input line 52.
(pdftex.def)             Requested size: 196.85616pt x 194.64932pt.
<Chapter4/Figs/OT_Miki.png, id=692, 194.52675pt x 165.31763pt>
File: Chapter4/Figs/OT_Miki.png Graphic file (type png)
<use Chapter4/Figs/OT_Miki.png>
Package pdftex.def Info: Chapter4/Figs/OT_Miki.png  used on input line 55.
(pdftex.def)             Requested size: 188.10507pt x 159.86852pt.
<Chapter4/Figs/OrszagTangDiv.png, id=695, 1204.5pt x 602.25pt>
File: Chapter4/Figs/OrszagTangDiv.png Graphic file (type png)
<use Chapter4/Figs/OrszagTangDiv.png>
Package pdftex.def Info: Chapter4/Figs/OrszagTangDiv.png  used on input line 63
.
(pdftex.def)             Requested size: 393.71233pt x 196.85924pt.
<Chapter4/Figs/Oline.png, id=696, 803.0pt x 552.0625pt>
File: Chapter4/Figs/Oline.png Graphic file (type png)
<use Chapter4/Figs/Oline.png>
Package pdftex.def Info: Chapter4/Figs/Oline.png  used on input line 71.
(pdftex.def)             Requested size: 201.23505pt x 138.34381pt.
<Chapter4/Figs/Oline_vides.png, id=697, 226.14488pt x 174.95363pt>
File: Chapter4/Figs/Oline_vides.png Graphic file (type png)
<use Chapter4/Figs/Oline_vides.png>
Package pdftex.def Info: Chapter4/Figs/Oline_vides.png  used on input line 74.
(pdftex.def)             Requested size: 174.98177pt x 135.37408pt.
 [28 <./Chapter4/Figs/OrszagTang.png> <./Chapter4/Figs/OT_no_vides.png> <./Chap
ter4/Figs/OT_yes_vides.png>] [29 <./Chapter4/Figs/OT_mine.png> <./Chapter4/Figs
/OT_Miki.png> <./Chapter4/Figs/OrszagTangDiv.png>]
<Chapter4/Figs/shockWedgeCon.png, id=723, 251.7405pt x 84.01387pt>
File: Chapter4/Figs/shockWedgeCon.png Graphic file (type png)
<use Chapter4/Figs/shockWedgeCon.png>
Package pdftex.def Info: Chapter4/Figs/shockWedgeCon.png  used on input line 10
4.
(pdftex.def)             Requested size: 393.71233pt x 131.40465pt.
<Chapter4/Figs/ShWe1.png, id=726, 429.40425pt x 236.68425pt>
File: Chapter4/Figs/ShWe1.png Graphic file (type png)
<use Chapter4/Figs/ShWe1.png>
Package pdftex.def Info: Chapter4/Figs/ShWe1.png  used on input line 113.
(pdftex.def)             Requested size: 214.35834pt x 118.15402pt.
<Chapter4/Figs/shock_wedge_2x_270.png, id=727, 803.0pt x 662.475pt>
File: Chapter4/Figs/shock_wedge_2x_270.png Graphic file (type png)
<use Chapter4/Figs/shock_wedge_2x_270.png>
Package pdftex.def Info: Chapter4/Figs/shock_wedge_2x_270.png  used on input li
ne 116.
(pdftex.def)             Requested size: 214.35834pt x 176.83882pt.
<Chapter4/Figs/ShWe2.png, id=728, 436.93237pt x 236.082pt>
File: Chapter4/Figs/ShWe2.png Graphic file (type png)
<use Chapter4/Figs/ShWe2.png>
Package pdftex.def Info: Chapter4/Figs/ShWe2.png  used on input line 121.
(pdftex.def)             Requested size: 214.35834pt x 115.82167pt.
<Chapter4/Figs/shock_wedge_2x_340.png, id=729, 803.0pt x 662.475pt>
File: Chapter4/Figs/shock_wedge_2x_340.png Graphic file (type png)
<use Chapter4/Figs/shock_wedge_2x_340.png>
Package pdftex.def Info: Chapter4/Figs/shock_wedge_2x_340.png  used on input li
ne 124.
(pdftex.def)             Requested size: 214.35834pt x 176.83882pt.
<Chapter4/Figs/ShWe3.png, id=730, 427.29637pt x 235.17862pt>
File: Chapter4/Figs/ShWe3.png Graphic file (type png)
<use Chapter4/Figs/ShWe3.png>
Package pdftex.def Info: Chapter4/Figs/ShWe3.png  used on input line 129.
(pdftex.def)             Requested size: 214.35834pt x 117.98375pt.
<Chapter4/Figs/shock_wedge_2x_440.png, id=731, 803.0pt x 662.475pt>
File: Chapter4/Figs/shock_wedge_2x_440.png Graphic file (type png)
<use Chapter4/Figs/shock_wedge_2x_440.png>
Package pdftex.def Info: Chapter4/Figs/shock_wedge_2x_440.png  used on input li
ne 132.
(pdftex.def)             Requested size: 214.35834pt x 176.83882pt.
<Chapter4/Figs/ShWe4.png, id=732, 439.34137pt x 236.082pt>
File: Chapter4/Figs/ShWe4.png Graphic file (type png)
<use Chapter4/Figs/ShWe4.png>
Package pdftex.def Info: Chapter4/Figs/ShWe4.png  used on input line 137.
(pdftex.def)             Requested size: 214.35834pt x 115.18767pt.
<Chapter4/Figs/shock_wedge_2x_490.png, id=733, 803.0pt x 662.475pt>
File: Chapter4/Figs/shock_wedge_2x_490.png Graphic file (type png)
<use Chapter4/Figs/shock_wedge_2x_490.png>
Package pdftex.def Info: Chapter4/Figs/shock_wedge_2x_490.png  used on input li
ne 140.
(pdftex.def)             Requested size: 214.35834pt x 176.83882pt.


LaTeX Warning: Float too large for page by 44.71191pt on input line 145.

<Chapter4/Figs/ShWe5.png, id=738, 427.29637pt x 233.07076pt>
File: Chapter4/Figs/ShWe5.png Graphic file (type png)
<use Chapter4/Figs/ShWe5.png>
Package pdftex.def Info: Chapter4/Figs/ShWe5.png  used on input line 150.
(pdftex.def)             Requested size: 214.35834pt x 116.92628pt.
<Chapter4/Figs/shock_wedge_2x_540.png, id=739, 803.0pt x 662.475pt>
File: Chapter4/Figs/shock_wedge_2x_540.png Graphic file (type png)
<use Chapter4/Figs/shock_wedge_2x_540.png>
Package pdftex.def Info: Chapter4/Figs/shock_wedge_2x_540.png  used on input li
ne 153.
(pdftex.def)             Requested size: 214.35834pt x 176.83882pt.
<Chapter4/Figs/ShWe6.png, id=740, 438.438pt x 235.17862pt>
File: Chapter4/Figs/ShWe6.png Graphic file (type png)
<use Chapter4/Figs/ShWe6.png>
Package pdftex.def Info: Chapter4/Figs/ShWe6.png  used on input line 158.
(pdftex.def)             Requested size: 214.35834pt x 114.98373pt.
<Chapter4/Figs/shock_wedge_2x_580.png, id=741, 803.0pt x 662.475pt>
File: Chapter4/Figs/shock_wedge_2x_580.png Graphic file (type png)
<use Chapter4/Figs/shock_wedge_2x_580.png>
Package pdftex.def Info: Chapter4/Figs/shock_wedge_2x_580.png  used on input li
ne 161.
(pdftex.def)             Requested size: 214.35834pt x 176.83882pt.
<Chapter4/Figs/ShWe7.png, id=742, 428.802pt x 235.17862pt>
File: Chapter4/Figs/ShWe7.png Graphic file (type png)
<use Chapter4/Figs/ShWe7.png>
Package pdftex.def Info: Chapter4/Figs/ShWe7.png  used on input line 166.
(pdftex.def)             Requested size: 214.35834pt x 117.56389pt.
<Chapter4/Figs/shock_wedge_2x_680.png, id=743, 803.0pt x 662.475pt>
File: Chapter4/Figs/shock_wedge_2x_680.png Graphic file (type png)
<use Chapter4/Figs/shock_wedge_2x_680.png>
Package pdftex.def Info: Chapter4/Figs/shock_wedge_2x_680.png  used on input li
ne 169.
(pdftex.def)             Requested size: 214.35834pt x 176.83882pt.
[30 <./Chapter4/Figs/Oline.png> <./Chapter4/Figs/Oline_vides.png>]
<Chapter4/Figs/ShCy.png, id=758, 314.3745pt x 358.63988pt>
File: Chapter4/Figs/ShCy.png Graphic file (type png)
<use Chapter4/Figs/ShCy.png>
Package pdftex.def Info: Chapter4/Figs/ShCy.png  used on input line 183.
(pdftex.def)             Requested size: 109.36528pt x 124.76517pt.
<Chapter4/Figs/shock_cylinder_95.png, id=759, 803.0pt x 803.0pt>
File: Chapter4/Figs/shock_cylinder_95.png Graphic file (type png)
<use Chapter4/Figs/shock_cylinder_95.png>
Package pdftex.def Info: Chapter4/Figs/shock_cylinder_95.png  used on input lin
e 186.
(pdftex.def)             Requested size: 196.85616pt x 196.85312pt.
<Chapter4/Figs/tube.png, id=762, 268.30237pt x 163.812pt>
File: Chapter4/Figs/tube.png Graphic file (type png)
<use Chapter4/Figs/tube.png>
Package pdftex.def Info: Chapter4/Figs/tube.png  used on input line 197.
(pdftex.def)             Requested size: 218.73056pt x 133.54683pt.
 [31 <./Chapter4/Figs/shockWedgeCon.png>] [32 <./Chapter4/Figs/ShWe1.png> <./Ch
apter4/Figs/shock_wedge_2x_270.png> <./Chapter4/Figs/ShWe2.png> <./Chapter4/Fig
s/shock_wedge_2x_340.png> <./Chapter4/Figs/ShWe3.png> <./Chapter4/Figs/shock_we
dge_2x_440.png> <./Chapter4/Figs/ShWe4.png> <./Chapter4/Figs/shock_wedge_2x_490
.png>]
[33 <./Chapter4/Figs/ShWe5.png> <./Chapter4/Figs/shock_wedge_2x_540.png> <./Cha
pter4/Figs/ShWe6.png> <./Chapter4/Figs/shock_wedge_2x_580.png> <./Chapter4/Figs
/ShWe7.png> <./Chapter4/Figs/shock_wedge_2x_680.png>] [34 <./Chapter4/Figs/ShCy
.png> <./Chapter4/Figs/shock_cylinder_95.png> <./Chapter4/Figs/tube.png>]
<Chapter4/Figs/rotateSod.png, id=798, 1806.75pt x 602.25pt>
File: Chapter4/Figs/rotateSod.png Graphic file (type png)
<use Chapter4/Figs/rotateSod.png>
Package pdftex.def Info: Chapter4/Figs/rotateSod.png  used on input line 221.
(pdftex.def)             Requested size: 437.46112pt x 145.8203pt.
<Chapter4/Figs/rotateSod_heat.png, id=799, 1606.0pt x 602.25pt>
File: Chapter4/Figs/rotateSod_heat.png Graphic file (type png)
<use Chapter4/Figs/rotateSod_heat.png>
Package pdftex.def Info: Chapter4/Figs/rotateSod_heat.png  used on input line 2
27.
(pdftex.def)             Requested size: 437.46112pt x 164.04324pt.

[35 <./Chapter4/Figs/rotateSod.png> <./Chapter4/Figs/rotateSod_heat.png>]
<Chapter4/Figs/rotateBrioWu.png, id=810, 1806.75pt x 602.25pt>
File: Chapter4/Figs/rotateBrioWu.png Graphic file (type png)
<use Chapter4/Figs/rotateBrioWu.png>
Package pdftex.def Info: Chapter4/Figs/rotateBrioWu.png  used on input line 253
.
(pdftex.def)             Requested size: 437.46112pt x 145.8203pt.
<Chapter4/Figs/rotateBrioWu_heat.png, id=811, 1606.0pt x 602.25pt>
File: Chapter4/Figs/rotateBrioWu_heat.png Graphic file (type png)
<use Chapter4/Figs/rotateBrioWu_heat.png>
Package pdftex.def Info: Chapter4/Figs/rotateBrioWu_heat.png  used on input lin
e 259.
(pdftex.def)             Requested size: 437.46112pt x 164.04324pt.
)
[36 <./Chapter4/Figs/rotateBrioWu.png>] [37 <./Chapter4/Figs/rotateBrioWu_heat.
png>]
\openout2 = `Chapter5/chapter5.aux'.

 (Chapter5/chapter5.tex [38




]
Chapter 5.
) [39] [40] [41


]
\openout2 = `Chapter6/chapter6.aux'.

 (Chapter6/chapter6.tex [42


]
Chapter 6.
<Chapter6/Figs/Wall-Structure.png, id=844, 517.935pt x 315.1775pt>
File: Chapter6/Figs/Wall-Structure.png Graphic file (type png)
<use Chapter6/Figs/Wall-Structure.png>
Package pdftex.def Info: Chapter6/Figs/Wall-Structure.png  used on input line 2
6.
(pdftex.def)             Requested size: 306.22144pt x 186.35228pt.
[43] [44 <./Chapter6/Figs/Wall-Structure.png>] [45]) [46]
\openout2 = `Chapter7/chapter7.aux'.


(Chapter7/chapter7.tex
Chapter 7.
[47




] [48] [49] [50]) [51] [52]
\openout2 = `Chapter8/chapter8.aux'.

 (Chapter8/chapter8.tex
Chapter 8.
[53




]
<Chapter8/Figs/InitialCylindricalEquilibrium.png, id=1021, 2409.0pt x 1606.0pt>

File: Chapter8/Figs/InitialCylindricalEquilibrium.png Graphic file (type png)
<use Chapter8/Figs/InitialCylindricalEquilibrium.png>
Package pdftex.def Info: Chapter8/Figs/InitialCylindricalEquilibrium.png  used 
on input line 57.
(pdftex.def)             Requested size: 437.46112pt x 291.64061pt.
 [54]
<Chapter8/Figs/cylindricalEquilibrium.png, id=1033, 1706.375pt x 1606.0pt>
File: Chapter8/Figs/cylindricalEquilibrium.png Graphic file (type png)
<use Chapter8/Figs/cylindricalEquilibrium.png>
Package pdftex.def Info: Chapter8/Figs/cylindricalEquilibrium.png  used on inpu
t line 68.
(pdftex.def)             Requested size: 437.46112pt x 411.71783pt.
 [55 <./Chapter8/Figs/InitialCylindricalEquilibrium.png>] [56 <./Chapter8/Figs/
cylindricalEquilibrium.png>]
<Chapter8/Figs/TotalEnergy.png, id=1046, 1606.0pt x 1003.75pt>
File: Chapter8/Figs/TotalEnergy.png Graphic file (type png)
<use Chapter8/Figs/TotalEnergy.png>
Package pdftex.def Info: Chapter8/Figs/TotalEnergy.png  used on input line 79.
(pdftex.def)             Requested size: 437.46112pt x 273.40541pt.
 [57] [58 <./Chapter8/Figs/TotalEnergy.png>]
<Chapter8/Figs/tokamak_Density_050.png, id=1059, 702.625pt x 903.375pt>
File: Chapter8/Figs/tokamak_Density_050.png Graphic file (type png)
<use Chapter8/Figs/tokamak_Density_050.png>
Package pdftex.def Info: Chapter8/Figs/tokamak_Density_050.png  used on input l
ine 99.
(pdftex.def)             Requested size: 113.73749pt x 146.22464pt.
<Chapter8/Figs/tokamak_Bz_050.png, id=1060, 702.625pt x 903.375pt>
File: Chapter8/Figs/tokamak_Bz_050.png Graphic file (type png)
<use Chapter8/Figs/tokamak_Bz_050.png>
Package pdftex.def Info: Chapter8/Figs/tokamak_Bz_050.png  used on input line 1
03.
(pdftex.def)             Requested size: 113.73749pt x 146.22464pt.
<Chapter8/Figs/tokamak_Density_250.png, id=1061, 702.625pt x 903.375pt>
File: Chapter8/Figs/tokamak_Density_250.png Graphic file (type png)
<use Chapter8/Figs/tokamak_Density_250.png>
Package pdftex.def Info: Chapter8/Figs/tokamak_Density_250.png  used on input l
ine 107.
(pdftex.def)             Requested size: 113.73749pt x 146.22464pt.
<Chapter8/Figs/tokamak_Bz_250.png, id=1062, 702.625pt x 903.375pt>
File: Chapter8/Figs/tokamak_Bz_250.png Graphic file (type png)
<use Chapter8/Figs/tokamak_Bz_250.png>
Package pdftex.def Info: Chapter8/Figs/tokamak_Bz_250.png  used on input line 1
11.
(pdftex.def)             Requested size: 113.73749pt x 146.22464pt.
<Chapter8/Figs/tokamak_Density_100.png, id=1063, 702.625pt x 903.375pt>
File: Chapter8/Figs/tokamak_Density_100.png Graphic file (type png)
<use Chapter8/Figs/tokamak_Density_100.png>
Package pdftex.def Info: Chapter8/Figs/tokamak_Density_100.png  used on input l
ine 120.
(pdftex.def)             Requested size: 113.73749pt x 146.22464pt.
<Chapter8/Figs/tokamak_Bz_100.png, id=1064, 702.625pt x 903.375pt>
File: Chapter8/Figs/tokamak_Bz_100.png Graphic file (type png)
<use Chapter8/Figs/tokamak_Bz_100.png>
Package pdftex.def Info: Chapter8/Figs/tokamak_Bz_100.png  used on input line 1
24.
(pdftex.def)             Requested size: 113.73749pt x 146.22464pt.
<Chapter8/Figs/tokamak_Density_300.png, id=1065, 702.625pt x 903.375pt>
File: Chapter8/Figs/tokamak_Density_300.png Graphic file (type png)
<use Chapter8/Figs/tokamak_Density_300.png>
Package pdftex.def Info: Chapter8/Figs/tokamak_Density_300.png  used on input l
ine 128.
(pdftex.def)             Requested size: 113.73749pt x 146.22464pt.
<Chapter8/Figs/tokamak_Bz_300.png, id=1066, 702.625pt x 903.375pt>
File: Chapter8/Figs/tokamak_Bz_300.png Graphic file (type png)
<use Chapter8/Figs/tokamak_Bz_300.png>
Package pdftex.def Info: Chapter8/Figs/tokamak_Bz_300.png  used on input line 1
32.
(pdftex.def)             Requested size: 113.73749pt x 146.22464pt.
<Chapter8/Figs/tokamak_Density_150.png, id=1067, 702.625pt x 903.375pt>
File: Chapter8/Figs/tokamak_Density_150.png Graphic file (type png)
<use Chapter8/Figs/tokamak_Density_150.png>
Package pdftex.def Info: Chapter8/Figs/tokamak_Density_150.png  used on input l
ine 141.
(pdftex.def)             Requested size: 113.73749pt x 146.22464pt.
<Chapter8/Figs/tokamak_Bz_150.png, id=1068, 702.625pt x 903.375pt>
File: Chapter8/Figs/tokamak_Bz_150.png Graphic file (type png)
<use Chapter8/Figs/tokamak_Bz_150.png>
Package pdftex.def Info: Chapter8/Figs/tokamak_Bz_150.png  used on input line 1
45.
(pdftex.def)             Requested size: 113.73749pt x 146.22464pt.
<Chapter8/Figs/tokamak_Density_350.png, id=1069, 702.625pt x 903.375pt>
File: Chapter8/Figs/tokamak_Density_350.png Graphic file (type png)
<use Chapter8/Figs/tokamak_Density_350.png>
Package pdftex.def Info: Chapter8/Figs/tokamak_Density_350.png  used on input l
ine 149.
(pdftex.def)             Requested size: 113.73749pt x 146.22464pt.
<Chapter8/Figs/tokamak_Bz_350.png, id=1070, 702.625pt x 903.375pt>
File: Chapter8/Figs/tokamak_Bz_350.png Graphic file (type png)
<use Chapter8/Figs/tokamak_Bz_350.png>
Package pdftex.def Info: Chapter8/Figs/tokamak_Bz_350.png  used on input line 1
53.
(pdftex.def)             Requested size: 113.73749pt x 146.22464pt.
<Chapter8/Figs/tokamak_Density_200.png, id=1071, 702.625pt x 903.375pt>
File: Chapter8/Figs/tokamak_Density_200.png Graphic file (type png)
<use Chapter8/Figs/tokamak_Density_200.png>
Package pdftex.def Info: Chapter8/Figs/tokamak_Density_200.png  used on input l
ine 162.
(pdftex.def)             Requested size: 113.73749pt x 146.22464pt.
<Chapter8/Figs/tokamak_Bz_200.png, id=1072, 702.625pt x 903.375pt>
File: Chapter8/Figs/tokamak_Bz_200.png Graphic file (type png)
<use Chapter8/Figs/tokamak_Bz_200.png>
Package pdftex.def Info: Chapter8/Figs/tokamak_Bz_200.png  used on input line 1
67.
(pdftex.def)             Requested size: 113.73749pt x 146.22464pt.
LaTeX Font Info:    Font shape `OT1/ptm/bx/n' in size <10.95> not available
(Font)              Font shape `OT1/ptm/b/n' tried instead on input line 168.
LaTeX Font Info:    Font shape `OT1/ptm/bx/n' in size <8> not available
(Font)              Font shape `OT1/ptm/b/n' tried instead on input line 168.
LaTeX Font Info:    Font shape `OT1/ptm/bx/n' in size <6> not available
(Font)              Font shape `OT1/ptm/b/n' tried instead on input line 168.
<Chapter8/Figs/tokamak_Density_400.png, id=1073, 702.625pt x 903.375pt>
File: Chapter8/Figs/tokamak_Density_400.png Graphic file (type png)
<use Chapter8/Figs/tokamak_Density_400.png>
Package pdftex.def Info: Chapter8/Figs/tokamak_Density_400.png  used on input l
ine 172.
(pdftex.def)             Requested size: 113.73749pt x 146.22464pt.
<Chapter8/Figs/tokamak_Bz_400.png, id=1074, 702.625pt x 903.375pt>
File: Chapter8/Figs/tokamak_Bz_400.png Graphic file (type png)
<use Chapter8/Figs/tokamak_Bz_400.png>
Package pdftex.def Info: Chapter8/Figs/tokamak_Bz_400.png  used on input line 1
77.
(pdftex.def)             Requested size: 113.73749pt x 146.22464pt.
) [59] [60 <./Chapter8/Figs/tokamak_Density_050.png> <./Chapter8/Figs/tokamak_B
z_050.png> <./Chapter8/Figs/tokamak_Density_250.png> <./Chapter8/Figs/tokamak_B
z_250.png> <./Chapter8/Figs/tokamak_Density_100.png> <./Chapter8/Figs/tokamak_B
z_100.png> <./Chapter8/Figs/tokamak_Density_300.png> <./Chapter8/Figs/tokamak_B
z_300.png> <./Chapter8/Figs/tokamak_Density_150.png> <./Chapter8/Figs/tokamak_B
z_150.png> <./Chapter8/Figs/tokamak_Density_350.png> <./Chapter8/Figs/tokamak_B
z_350.png> <./Chapter8/Figs/tokamak_Density_200.png> <./Chapter8/Figs/tokamak_B
z_200.png> <./Chapter8/Figs/tokamak_Density_400.png> <./Chapter8/Figs/tokamak_B
z_400.png>]
\openout2 = `Chapter10/chapter10.aux'.

 (Chapter10/chapter10.tex
Chapter 9.
[61




] [62]
<Chapter10/Figs/BPenetration.png, id=1114, 767.2665pt x 390.258pt>
File: Chapter10/Figs/BPenetration.png Graphic file (type png)
<use Chapter10/Figs/BPenetration.png>
Package pdftex.def Info: Chapter10/Figs/BPenetration.png  used on input line 60
.
(pdftex.def)             Requested size: 349.97023pt x 178.00832pt.
<Chapter10/Figs/penetration_superconducting.png, id=1115, 1606.0pt x 401.5pt>
File: Chapter10/Figs/penetration_superconducting.png Graphic file (type png)
<use Chapter10/Figs/penetration_superconducting.png>
Package pdftex.def Info: Chapter10/Figs/penetration_superconducting.png  used o
n input line 67.
(pdftex.def)             Requested size: 437.46112pt x 109.36215pt.
 [63 <./Chapter10/Figs/BPenetration.png> <./Chapter10/Figs/penetration_supercon
ducting.png>] [64] [65]
<Chapter10/Figs/penetration_wall.png, id=1141, 1606.0pt x 401.5pt>
File: Chapter10/Figs/penetration_wall.png Graphic file (type png)
<use Chapter10/Figs/penetration_wall.png>
Package pdftex.def Info: Chapter10/Figs/penetration_wall.png  used on input lin
e 130.
(pdftex.def)             Requested size: 437.46112pt x 109.36215pt.
) [66 <./Chapter10/Figs/penetration_wall.png>]
\openout2 = `Chapter11/chapter11.aux'.


(Chapter11/chapter11.tex
Chapter 10.
) [67




] [68



] (thesis.bbl [69

] [70] [71] [72] [73]) [74]
No file thesis.ind.
(thesis.aux (Dedication/dedication.aux) (Declaration/declaration.aux)
(Acknowledgement/acknowledgement.aux) (Abstract/abstract.aux)
(Chapter1/chapter1.aux) (Chapter2/chapter2.aux) (Chapter3/chapter3.aux)
(Chapter4/chapter4.aux) (Chapter5/chapter5.aux) (Chapter6/chapter6.aux)
(Chapter7/chapter7.aux) (Chapter8/chapter8.aux) (Chapter10/chapter10.aux)
(Chapter11/chapter11.aux))
 ***********
LaTeX2e <2023-11-01> patch level 1
L3 programming layer <2024-01-04>
 ***********
Package rerunfilecheck Info: File `thesis.out' has not changed.
(rerunfilecheck)             Checksum: 9F042CD8336C892FFD53ECCEFA3D03EE;9309.
 ) 
Here is how much of TeX's memory you used:
 23641 strings out of 474486
 457968 string characters out of 5753573
 1946542 words of memory out of 5000000
 44763 multiletter control sequences out of 15000+600000
 645614 words of font info for 368 fonts, out of 8000000 for 9000
 1141 hyphenation exceptions out of 8191
 125i,21n,121p,2458b,1240s stack positions out of 10000i,1000n,20000p,200000b,200000s
<C:/Program Files/MiKTeX/fonts/type1/public/amsfonts/cm/cmex10.pfb><C:/Progra
m Files/MiKTeX/fonts/type1/public/amsfonts/cm/cmmi10.pfb><C:/Program Files/MiKT
eX/fonts/type1/public/amsfonts/cm/cmr10.pfb><C:/Program Files/MiKTeX/fonts/type
1/public/amsfonts/cm/cmsy10.pfb><C:/Program Files/MiKTeX/fonts/type1/urw/symbol
/usyr.pfb><C:/Program Files/MiKTeX/fonts/type1/urw/symbol/usyr.pfb><C:/Program 
Files/MiKTeX/fonts/type1/urw/times/utmb8a.pfb><C:/Program Files/MiKTeX/fonts/ty
pe1/urw/times/utmr8a.pfb><C:/Program Files/MiKTeX/fonts/type1/urw/times/utmri8a
.pfb>
Output written on thesis.pdf (90 pages, 15224275 bytes).
PDF statistics:
 1289 PDF objects out of 1440 (max. 8388607)
 286 named destinations out of 1000 (max. 500000)
 85683 words of extra memory for PDF output out of 89155 (max. 10000000)

